
*** Running vivado
    with args -log circuit_tb.vds -m64 -product Vivado -mode batch -messageDb vivado.pb -notrace -source circuit_tb.tcl


****** Vivado v2018.2 (64-bit)
  **** SW Build 2258646 on Thu Jun 14 20:02:38 MDT 2018
  **** IP Build 2256618 on Thu Jun 14 22:10:49 MDT 2018
    ** Copyright 1986-2018 Xilinx, Inc. All Rights Reserved.

source circuit_tb.tcl -notrace
Command: synth_design -top circuit_tb -part xc7k70tfbv676-1
Starting synth_design
Attempting to get a license for feature 'Synthesis' and/or device 'xc7k70t'
INFO: [Common 17-349] Got license for feature 'Synthesis' and/or device 'xc7k70t'
INFO: Launching helper process for spawning children vivado processes
INFO: Helper process launched with PID 8782 
---------------------------------------------------------------------------------
Starting Synthesize : Time (s): cpu = 00:00:10 ; elapsed = 00:00:15 . Memory (MB): peak = 1261.348 ; gain = 79.898 ; free physical = 2147 ; free virtual = 13699
---------------------------------------------------------------------------------
ERROR: [Synth 8-2715] syntax error near <= [/home/jcardoso/Documents/p2-psd/adder.vhd:23]
INFO: [Synth 8-2810] unit behavioral ignored due to previous errors [/home/jcardoso/Documents/p2-psd/adder.vhd:16]
---------------------------------------------------------------------------------
Finished Synthesize : Time (s): cpu = 00:00:14 ; elapsed = 00:00:21 . Memory (MB): peak = 1304.973 ; gain = 123.523 ; free physical = 2163 ; free virtual = 13711
---------------------------------------------------------------------------------
synthesize failed
INFO: [Common 17-83] Releasing license: Synthesis
3 Infos, 0 Warnings, 0 Critical Warnings and 2 Errors encountered.
synth_design failed
ERROR: [Common 17-69] Command failed: Vivado Synthesis failed
INFO: [Common 17-206] Exiting Vivado at Wed Nov  7 15:33:31 2018...
